[debug] [2025-07-28T00:16:50.813Z] ----------------------------------------------------------------------
[debug] [2025-07-28T00:16:50.814Z] Command:       /Users/eternum/.nvm/versions/node/v22.17.1/bin/node /Users/eternum/.nvm/versions/node/v22.17.1/bin/firebase init
[debug] [2025-07-28T00:16:50.814Z] CLI Version:   14.11.1
[debug] [2025-07-28T00:16:50.814Z] Platform:      darwin
[debug] [2025-07-28T00:16:50.814Z] Node Version:  v22.17.1
[debug] [2025-07-28T00:16:50.815Z] Time:          Sun Jul 27 2025 17:16:50 GMT-0700 (Pacific Daylight Time)
[debug] [2025-07-28T00:16:50.815Z] ----------------------------------------------------------------------
[debug] 
[debug] [2025-07-28T00:16:50.817Z] > command requires scopes: ["email","openid","https://www.googleapis.com/auth/cloudplatformprojects.readonly","https://www.googleapis.com/auth/firebase","https://www.googleapis.com/auth/cloud-platform"]
[debug] [2025-07-28T00:16:50.817Z] > authorizing via signed-in user (cipherpunk369@gmail.com)
[info] 
     ######## #### ########  ######## ########     ###     ######  ########
     ##        ##  ##     ## ##       ##     ##  ##   ##  ##       ##
     ######    ##  ########  ######   ########  #########  ######  ######
     ##        ##  ##    ##  ##       ##     ## ##     ##       ## ##
     ##       #### ##     ## ######## ########  ##     ##  ######  ########

You're about to initialize a Firebase project in this directory:

  /Users/eternum/eternum/firebase-sync

[info] 
=== Project Setup
[info] 
[info] First, let's associate this project directory with a Firebase project.
[info] You can create multiple project aliases by running firebase use --add, 
[info] but for now we'll just set up a default project.
[info] 
[debug] [2025-07-28T00:17:01.425Z] Checked if tokens are valid: true, expires at: 1753665395833
[debug] [2025-07-28T00:17:01.425Z] Checked if tokens are valid: true, expires at: 1753665395833
[debug] [2025-07-28T00:17:01.426Z] >>> [apiv2][query] GET https://firebase.googleapis.com/v1beta1/projects pageSize=100
[debug] [2025-07-28T00:17:01.958Z] <<< [apiv2][status] GET https://firebase.googleapis.com/v1beta1/projects 200
[debug] [2025-07-28T00:17:01.958Z] <<< [apiv2][body] GET https://firebase.googleapis.com/v1beta1/projects [omitted]
[info] i  Using project eternum-39083 (Eternum) 
[info] 
=== Dataconnect Setup
[debug] [2025-07-28T00:17:02.879Z] Checked if tokens are valid: true, expires at: 1753665395833
[debug] [2025-07-28T00:17:02.879Z] Checked if tokens are valid: true, expires at: 1753665395833
[debug] [2025-07-28T00:17:02.879Z] >>> [apiv2][query] GET https://cloudbilling.googleapis.com/v1/projects/eternum-39083/billingInfo [none]
[debug] [2025-07-28T00:17:03.154Z] <<< [apiv2][status] GET https://cloudbilling.googleapis.com/v1/projects/eternum-39083/billingInfo 200
[debug] [2025-07-28T00:17:03.154Z] <<< [apiv2][body] GET https://cloudbilling.googleapis.com/v1/projects/eternum-39083/billingInfo {"name":"projects/eternum-39083/billingInfo","projectId":"eternum-39083","billingAccountName":"","billingEnabled":false}
[info] i  dataconnect: ensuring required API sqladmin.googleapis.com is enabled... 
[debug] [2025-07-28T00:17:03.156Z] Checked if tokens are valid: true, expires at: 1753665395833
[debug] [2025-07-28T00:17:03.156Z] Checked if tokens are valid: true, expires at: 1753665395833
[debug] [2025-07-28T00:17:03.157Z] >>> [apiv2][query] GET https://serviceusage.googleapis.com/v1/projects/eternum-39083/services/sqladmin.googleapis.com [none]
[debug] [2025-07-28T00:17:03.157Z] >>> [apiv2][(partial)header] GET https://serviceusage.googleapis.com/v1/projects/eternum-39083/services/sqladmin.googleapis.com x-goog-quota-user=projects/eternum-39083
[debug] [2025-07-28T00:17:03.687Z] <<< [apiv2][status] GET https://serviceusage.googleapis.com/v1/projects/eternum-39083/services/sqladmin.googleapis.com 200
[debug] [2025-07-28T00:17:03.688Z] <<< [apiv2][body] GET https://serviceusage.googleapis.com/v1/projects/eternum-39083/services/sqladmin.googleapis.com [omitted]
[warn] ⚠  dataconnect: missing required API sqladmin.googleapis.com. Enabling now... 
[debug] [2025-07-28T00:17:03.689Z] Checked if tokens are valid: true, expires at: 1753665395833
[debug] [2025-07-28T00:17:03.689Z] Checked if tokens are valid: true, expires at: 1753665395833
[debug] [2025-07-28T00:17:03.690Z] >>> [apiv2][query] POST https://serviceusage.googleapis.com/v1/projects/eternum-39083/services/sqladmin.googleapis.com:enable [none]
[debug] [2025-07-28T00:17:03.690Z] >>> [apiv2][(partial)header] POST https://serviceusage.googleapis.com/v1/projects/eternum-39083/services/sqladmin.googleapis.com:enable x-goog-quota-user=projects/eternum-39083
[debug] [2025-07-28T00:17:03.994Z] <<< [apiv2][status] POST https://serviceusage.googleapis.com/v1/projects/eternum-39083/services/sqladmin.googleapis.com:enable 200
[debug] [2025-07-28T00:17:03.995Z] <<< [apiv2][body] POST https://serviceusage.googleapis.com/v1/projects/eternum-39083/services/sqladmin.googleapis.com:enable [omitted]
